<?xml version="1.0" encoding="UTF-8"?>
<testsuite name="com.phonbook.tests.LoginTests" tests="2" skipped="0" failures="0" errors="0" timestamp="2025-04-30T09:55:54" hostname="DESKTOP-OBO8DFL" time="2.447">
  <properties/>
  <testcase name="loginNegativeWithoutEmailTest" classname="com.phonbook.tests.LoginTests" time="1.538"/>
  <testcase name="loginPositiveTest" classname="com.phonbook.tests.LoginTests" time="0.887"/>
  <system-out><![CDATA[11:55:44.375 [Test worker] INFO  com.phonbook.tests.TestBase -- Start testloginNegativeWithoutEmailTest[]
11:55:44.377 [Test worker] INFO  com.phonebook.utils.MyListener -- Before find elements By.cssSelector: [href='/login']
11:55:44.377 [Test worker] INFO  com.phonebook.utils.MyListener -- **********************************
11:55:54.397 [Test worker] INFO  com.phonebook.utils.MyListener -- List size0
11:55:54.397 [Test worker] INFO  com.phonebook.utils.MyListener -- *****************************
11:55:54.398 [Test worker] INFO  com.phonebook.utils.MyListener -- The locator will findBy.xpath: //button[.='Sign Out']
11:55:54.398 [Test worker] INFO  com.phonebook.utils.MyListener -- ********************************
11:55:54.410 [Test worker] INFO  com.phonebook.utils.MyListener -- The locator is By.xpath: //button[.='Sign Out']
11:55:54.411 [Test worker] INFO  com.phonebook.utils.MyListener -- ********************************
11:55:54.509 [Test worker] INFO  com.phonebook.utils.MyListener -- The locator will findBy.cssSelector: [href='/login']
11:55:54.509 [Test worker] INFO  com.phonebook.utils.MyListener -- ********************************
11:55:54.538 [Test worker] INFO  com.phonebook.utils.MyListener -- The locator is By.cssSelector: [href='/login']
11:55:54.538 [Test worker] INFO  com.phonebook.utils.MyListener -- ********************************
11:55:54.631 [Test worker] INFO  com.phonebook.utils.MyListener -- The locator will findBy.name: password
11:55:54.632 [Test worker] INFO  com.phonebook.utils.MyListener -- ********************************
11:55:54.645 [Test worker] INFO  com.phonebook.utils.MyListener -- The locator is By.name: password
11:55:54.645 [Test worker] INFO  com.phonebook.utils.MyListener -- ********************************
11:55:54.750 [Test worker] INFO  com.phonebook.utils.MyListener -- The locator will findBy.name: password
11:55:54.750 [Test worker] INFO  com.phonebook.utils.MyListener -- ********************************
11:55:54.766 [Test worker] INFO  com.phonebook.utils.MyListener -- The locator is By.name: password
11:55:54.766 [Test worker] INFO  com.phonebook.utils.MyListener -- ********************************
11:55:54.815 [Test worker] INFO  com.phonebook.utils.MyListener -- The locator will findBy.name: password
11:55:54.816 [Test worker] INFO  com.phonebook.utils.MyListener -- ********************************
11:55:54.828 [Test worker] INFO  com.phonebook.utils.MyListener -- The locator is By.name: password
11:55:54.828 [Test worker] INFO  com.phonebook.utils.MyListener -- ********************************
11:55:54.888 [Test worker] INFO  com.phonebook.utils.MyListener -- The locator will findBy.name: login
11:55:54.888 [Test worker] INFO  com.phonebook.utils.MyListener -- ********************************
11:55:54.919 [Test worker] INFO  com.phonebook.utils.MyListener -- The locator is By.name: login
11:55:54.920 [Test worker] INFO  com.phonebook.utils.MyListener -- ********************************
11:55:55.012 [Test worker] INFO  com.phonebook.utils.MyListener -- The test has a problem
11:55:55.012 [Test worker] INFO  com.phonebook.utils.MyListener -- *******************************************************************
11:55:55.012 [Test worker] INFO  com.phonebook.utils.MyListener -- Method->alert
11:55:55.012 [Test worker] INFO  com.phonebook.utils.MyListener -- ********************************************************************
11:55:55.012 [Test worker] INFO  com.phonebook.utils.MyListener -- TargetException-->org.openqa.selenium.NoAlertPresentException: no such alert
  (Session info: chrome=135.0.7049.115)
Build info: version: '4.30.0', revision: '509c7f17cc*'
System info: os.name: 'Windows 10', os.arch: 'amd64', os.version: '10.0', java.version: '17.0.13'
Driver info: org.openqa.selenium.chrome.ChromeDriver
Command: [b2685e700cd2ba5b276628db20b6e6f7, getAlertText {}]
Capabilities {acceptInsecureCerts: false, browserName: chrome, browserVersion: 135.0.7049.115, chrome: {chromedriverVersion: 134.0.6998.165 (fd886e2cb29..., userDataDir: C:\Users\Leon\AppData\Local...}, fedcm:accounts: true, goog:chromeOptions: {debuggerAddress: localhost:50212}, networkConnectionEnabled: false, pageLoadStrategy: normal, platformName: windows, proxy: Proxy(), se:cdp: ws://localhost:50212/devtoo..., se:cdpVersion: 135.0.7049.115, setWindowRect: true, strictFileInteractability: false, timeouts: {implicit: 0, pageLoad: 300000, script: 30000}, unhandledPromptBehavior: dismiss and notify, webauthn:extension:credBlob: true, webauthn:extension:largeBlob: true, webauthn:extension:minPinLength: true, webauthn:extension:prf: true, webauthn:virtualAuthenticators: true}
Session ID: b2685e700cd2ba5b276628db20b6e6f7
11:55:55.012 [Test worker] INFO  com.phonebook.utils.MyListener -- *********************************************************************
11:55:55.012 [Test worker] INFO  com.phonebook.utils.MyListener -- Object target-->org.openqa.selenium.remote.RemoteWebDriver$RemoteTargetLocator@4bbc02ef
11:55:55.013 [Test worker] INFO  com.phonebook.utils.MyListener -- **********************************************************************
11:55:55.521 [Test worker] INFO  com.phonebook.utils.MyListener -- The test has a problem
11:55:55.522 [Test worker] INFO  com.phonebook.utils.MyListener -- *******************************************************************
11:55:55.522 [Test worker] INFO  com.phonebook.utils.MyListener -- Method->alert
11:55:55.522 [Test worker] INFO  com.phonebook.utils.MyListener -- ********************************************************************
11:55:55.522 [Test worker] INFO  com.phonebook.utils.MyListener -- TargetException-->org.openqa.selenium.NoAlertPresentException: no such alert
  (Session info: chrome=135.0.7049.115)
Build info: version: '4.30.0', revision: '509c7f17cc*'
System info: os.name: 'Windows 10', os.arch: 'amd64', os.version: '10.0', java.version: '17.0.13'
Driver info: org.openqa.selenium.chrome.ChromeDriver
Command: [b2685e700cd2ba5b276628db20b6e6f7, getAlertText {}]
Capabilities {acceptInsecureCerts: false, browserName: chrome, browserVersion: 135.0.7049.115, chrome: {chromedriverVersion: 134.0.6998.165 (fd886e2cb29..., userDataDir: C:\Users\Leon\AppData\Local...}, fedcm:accounts: true, goog:chromeOptions: {debuggerAddress: localhost:50212}, networkConnectionEnabled: false, pageLoadStrategy: normal, platformName: windows, proxy: Proxy(), se:cdp: ws://localhost:50212/devtoo..., se:cdpVersion: 135.0.7049.115, setWindowRect: true, strictFileInteractability: false, timeouts: {implicit: 0, pageLoad: 300000, script: 30000}, unhandledPromptBehavior: dismiss and notify, webauthn:extension:credBlob: true, webauthn:extension:largeBlob: true, webauthn:extension:minPinLength: true, webauthn:extension:prf: true, webauthn:virtualAuthenticators: true}
Session ID: b2685e700cd2ba5b276628db20b6e6f7
11:55:55.522 [Test worker] INFO  com.phonebook.utils.MyListener -- *********************************************************************
11:55:55.522 [Test worker] INFO  com.phonebook.utils.MyListener -- Object target-->org.openqa.selenium.remote.RemoteWebDriver$RemoteTargetLocator@f0c1ae1
11:55:55.522 [Test worker] INFO  com.phonebook.utils.MyListener -- **********************************************************************
11:55:56.048 [Test worker] INFO  com.phonbook.tests.TestBase -- PASSED: loginNegativeWithoutEmailTest
11:55:56.049 [Test worker] INFO  com.phonbook.tests.TestBase -- ====================================================================
11:55:56.049 [Test worker] INFO  com.phonbook.tests.TestBase -- Stop test
11:55:56.052 [Test worker] INFO  com.phonbook.tests.TestBase -- Start testloginPositiveTest[]
11:55:56.055 [Test worker] INFO  com.phonebook.utils.MyListener -- Before find elements By.cssSelector: [href='/login']
11:55:56.055 [Test worker] INFO  com.phonebook.utils.MyListener -- **********************************
11:55:56.067 [Test worker] INFO  com.phonebook.utils.MyListener -- List size1
11:55:56.067 [Test worker] INFO  com.phonebook.utils.MyListener -- *****************************
11:55:56.068 [Test worker] INFO  com.phonbook.tests.TestBase -- Login with data-->noa@gmail.com****************Nnoa12345$
11:55:56.068 [Test worker] INFO  com.phonebook.utils.MyListener -- The locator will findBy.cssSelector: [href='/login']
11:55:56.068 [Test worker] INFO  com.phonebook.utils.MyListener -- ********************************
11:55:56.080 [Test worker] INFO  com.phonebook.utils.MyListener -- The locator is By.cssSelector: [href='/login']
11:55:56.080 [Test worker] INFO  com.phonebook.utils.MyListener -- ********************************
11:55:56.153 [Test worker] INFO  com.phonebook.utils.MyListener -- The locator will findBy.name: email
11:55:56.154 [Test worker] INFO  com.phonebook.utils.MyListener -- ********************************
11:55:56.172 [Test worker] INFO  com.phonebook.utils.MyListener -- The locator is By.name: email
11:55:56.172 [Test worker] INFO  com.phonebook.utils.MyListener -- ********************************
11:55:56.248 [Test worker] INFO  com.phonebook.utils.MyListener -- The locator will findBy.name: email
11:55:56.248 [Test worker] INFO  com.phonebook.utils.MyListener -- ********************************
11:55:56.259 [Test worker] INFO  com.phonebook.utils.MyListener -- The locator is By.name: email
11:55:56.259 [Test worker] INFO  com.phonebook.utils.MyListener -- ********************************
11:55:56.293 [Test worker] INFO  com.phonebook.utils.MyListener -- The locator will findBy.name: email
11:55:56.294 [Test worker] INFO  com.phonebook.utils.MyListener -- ********************************
11:55:56.304 [Test worker] INFO  com.phonebook.utils.MyListener -- The locator is By.name: email
11:55:56.304 [Test worker] INFO  com.phonebook.utils.MyListener -- ********************************
11:55:56.362 [Test worker] INFO  com.phonebook.utils.MyListener -- The locator will findBy.name: password
11:55:56.362 [Test worker] INFO  com.phonebook.utils.MyListener -- ********************************
11:55:56.373 [Test worker] INFO  com.phonebook.utils.MyListener -- The locator is By.name: password
11:55:56.373 [Test worker] INFO  com.phonebook.utils.MyListener -- ********************************
11:55:56.450 [Test worker] INFO  com.phonebook.utils.MyListener -- The locator will findBy.name: password
11:55:56.450 [Test worker] INFO  com.phonebook.utils.MyListener -- ********************************
11:55:56.463 [Test worker] INFO  com.phonebook.utils.MyListener -- The locator is By.name: password
11:55:56.463 [Test worker] INFO  com.phonebook.utils.MyListener -- ********************************
11:55:56.515 [Test worker] INFO  com.phonebook.utils.MyListener -- The locator will findBy.name: password
11:55:56.515 [Test worker] INFO  com.phonebook.utils.MyListener -- ********************************
11:55:56.528 [Test worker] INFO  com.phonebook.utils.MyListener -- The locator is By.name: password
11:55:56.528 [Test worker] INFO  com.phonebook.utils.MyListener -- ********************************
11:55:56.603 [Test worker] INFO  com.phonebook.utils.MyListener -- The locator will findBy.name: login
11:55:56.603 [Test worker] INFO  com.phonebook.utils.MyListener -- ********************************
11:55:56.615 [Test worker] INFO  com.phonebook.utils.MyListener -- The locator is By.name: login
11:55:56.615 [Test worker] INFO  com.phonebook.utils.MyListener -- ********************************
11:55:56.701 [Test worker] INFO  com.phonebook.utils.MyListener -- Before find elements By.xpath: //button[.='Sign Out']
11:55:56.701 [Test worker] INFO  com.phonebook.utils.MyListener -- **********************************
11:55:56.955 [Test worker] INFO  com.phonebook.utils.MyListener -- List size1
11:55:56.955 [Test worker] INFO  com.phonebook.utils.MyListener -- *****************************
11:55:56.956 [Test worker] INFO  com.phonbook.tests.TestBase -- PASSED: loginPositiveTest
11:55:56.956 [Test worker] INFO  com.phonbook.tests.TestBase -- ====================================================================
11:55:56.957 [Test worker] INFO  com.phonbook.tests.TestBase -- Stop test
]]></system-out>
  <system-err><![CDATA[]]></system-err>
</testsuite>
